{"/home/michael/Desktop/orders/apps/auth/src/auth.controller.ts": {"path":"/home/michael/Desktop/orders/apps/auth/src/auth.controller.ts","statementMap":{"0":{"start":{"line":1,"column":0},"end":{"line":1,"column":66}},"1":{"start":{"line":2,"column":0},"end":{"line":2,"column":55}},"2":{"start":{"line":4,"column":0},"end":{"line":4,"column":45}},"3":{"start":{"line":5,"column":0},"end":{"line":5,"column":55}},"4":{"start":{"line":6,"column":0},"end":{"line":6,"column":51}},"5":{"start":{"line":7,"column":0},"end":{"line":7,"column":59}},"6":{"start":{"line":8,"column":0},"end":{"line":8,"column":51}},"7":{"start":{"line":11,"column":0},"end":{"line":30,"column":null}},"8":{"start":{"line":12,"column":31},"end":{"line":12,"column":44}},"9":{"start":{"line":20,"column":4},"end":{"line":20,"column":49}},"10":{"start":{"line":22,"column":4},"end":{"line":22,"column":16}},"11":{"start":{"line":28,"column":4},"end":{"line":28,"column":16}},"12":{"start":{"line":16,"column":2},"end":{"line":23,"column":null}},"13":{"start":{"line":27,"column":2},"end":{"line":29,"column":null}},"14":{"start":{"line":11,"column":13},"end":{"line":30,"column":null}},"15":{"start":{"line":11,"column":13},"end":{"line":11,"column":27}}},"fnMap":{"0":{"name":"(anonymous_4)","decl":{"start":{"line":12,"column":2},"end":{"line":12,"column":31}},"loc":{"start":{"line":12,"column":55},"end":{"line":12,"column":59}}},"1":{"name":"(anonymous_5)","decl":{"start":{"line":16,"column":2},"end":{"line":16,"column":7}},"loc":{"start":{"line":18,"column":50},"end":{"line":23,"column":3}}},"2":{"name":"(anonymous_6)","decl":{"start":{"line":27,"column":2},"end":{"line":27,"column":7}},"loc":{"start":{"line":27,"column":46},"end":{"line":29,"column":3}}}},"branchMap":{},"s":{"0":1,"1":1,"2":1,"3":1,"4":1,"5":1,"6":1,"7":1,"8":1,"9":1,"10":1,"11":0,"12":1,"13":1,"14":1,"15":1},"f":{"0":1,"1":1,"2":0},"b":{}}
,"/home/michael/Desktop/orders/apps/auth/src/current-user.decorator.ts": {"path":"/home/michael/Desktop/orders/apps/auth/src/current-user.decorator.ts","statementMap":{"0":{"start":{"line":1,"column":0},"end":{"line":1,"column":72}},"1":{"start":{"line":4,"column":39},"end":{"line":11,"column":1}},"2":{"start":{"line":5,"column":2},"end":{"line":7,"column":null}},"3":{"start":{"line":6,"column":4},"end":{"line":6,"column":52}},"4":{"start":{"line":8,"column":2},"end":{"line":10,"column":null}},"5":{"start":{"line":9,"column":4},"end":{"line":9,"column":48}},"6":{"start":{"line":4,"column":13},"end":{"line":4,"column":39}},"7":{"start":{"line":13,"column":13},"end":{"line":16,"column":2}},"8":{"start":{"line":15,"column":4},"end":{"line":15,"column":36}}},"fnMap":{"0":{"name":"(anonymous_0)","decl":{"start":{"line":4,"column":39},"end":{"line":4,"column":40}},"loc":{"start":{"line":4,"column":75},"end":{"line":11,"column":1}}},"1":{"name":"(anonymous_1)","decl":{"start":{"line":14,"column":2},"end":{"line":14,"column":3}},"loc":{"start":{"line":15,"column":4},"end":{"line":15,"column":36}}}},"branchMap":{"0":{"loc":{"start":{"line":5,"column":2},"end":{"line":7,"column":null}},"type":"if","locations":[{"start":{"line":5,"column":2},"end":{"line":7,"column":null}}]},"1":{"loc":{"start":{"line":8,"column":2},"end":{"line":10,"column":null}},"type":"if","locations":[{"start":{"line":8,"column":2},"end":{"line":10,"column":null}}]}},"s":{"0":1,"1":1,"2":0,"3":0,"4":0,"5":0,"6":1,"7":1,"8":0},"f":{"0":0,"1":0},"b":{"0":[0],"1":[0]}}
,"/home/michael/Desktop/orders/apps/auth/src/guards/jwt-auth.guard.ts": {"path":"/home/michael/Desktop/orders/apps/auth/src/guards/jwt-auth.guard.ts","statementMap":{"0":{"start":{"line":1,"column":0},"end":{"line":1,"column":45}},"1":{"start":{"line":3,"column":0},"end":{"line":3,"column":21}}},"fnMap":{},"branchMap":{},"s":{"0":1,"1":1},"f":{},"b":{}}
,"/home/michael/Desktop/orders/apps/auth/src/guards/local-auth.guard.ts": {"path":"/home/michael/Desktop/orders/apps/auth/src/guards/local-auth.guard.ts","statementMap":{"0":{"start":{"line":1,"column":0},"end":{"line":1,"column":45}},"1":{"start":{"line":3,"column":0},"end":{"line":3,"column":13}}},"fnMap":{},"branchMap":{},"s":{"0":1,"1":1},"f":{},"b":{}}
,"/home/michael/Desktop/orders/apps/auth/src/users/users.controller.ts": {"path":"/home/michael/Desktop/orders/apps/auth/src/users/users.controller.ts","statementMap":{"0":{"start":{"line":1,"column":0},"end":{"line":1,"column":56}},"1":{"start":{"line":2,"column":0},"end":{"line":2,"column":62}},"2":{"start":{"line":3,"column":0},"end":{"line":3,"column":47}},"3":{"start":{"line":6,"column":0},"end":{"line":13,"column":null}},"4":{"start":{"line":7,"column":31},"end":{"line":7,"column":45}},"5":{"start":{"line":11,"column":4},"end":{"line":11,"column":49}},"6":{"start":{"line":10,"column":2},"end":{"line":12,"column":null}},"7":{"start":{"line":6,"column":13},"end":{"line":13,"column":null}},"8":{"start":{"line":6,"column":13},"end":{"line":6,"column":28}}},"fnMap":{"0":{"name":"(anonymous_4)","decl":{"start":{"line":7,"column":2},"end":{"line":7,"column":31}},"loc":{"start":{"line":7,"column":57},"end":{"line":7,"column":61}}},"1":{"name":"(anonymous_5)","decl":{"start":{"line":10,"column":2},"end":{"line":10,"column":7}},"loc":{"start":{"line":10,"column":53},"end":{"line":12,"column":3}}}},"branchMap":{},"s":{"0":2,"1":2,"2":2,"3":2,"4":2,"5":1,"6":2,"7":2,"8":2},"f":{"0":2,"1":1},"b":{}}
,"/home/michael/Desktop/orders/apps/auth/src/users/users.repository.ts": {"path":"/home/michael/Desktop/orders/apps/auth/src/users/users.repository.ts","statementMap":{"0":{"start":{"line":1,"column":0},"end":{"line":1,"column":52}},"1":{"start":{"line":2,"column":0},"end":{"line":2,"column":65}},"2":{"start":{"line":3,"column":0},"end":{"line":3,"column":45}},"3":{"start":{"line":4,"column":0},"end":{"line":4,"column":49}},"4":{"start":{"line":5,"column":0},"end":{"line":5,"column":45}},"5":{"start":{"line":8,"column":28},"end":{"line":17,"column":null}},"6":{"start":{"line":15,"column":4},"end":{"line":15,"column":33}},"7":{"start":{"line":9,"column":21},"end":{"line":9,"column":63}},"8":{"start":{"line":8,"column":13},"end":{"line":17,"column":null}},"9":{"start":{"line":8,"column":13},"end":{"line":8,"column":28}}},"fnMap":{"0":{"name":"(anonymous_4)","decl":{"start":{"line":11,"column":2},"end":{"line":11,"column":null}},"loc":{"start":{"line":13,"column":46},"end":{"line":16,"column":3}}}},"branchMap":{},"s":{"0":1,"1":1,"2":1,"3":1,"4":1,"5":1,"6":1,"7":1,"8":1,"9":1},"f":{"0":1},"b":{}}
,"/home/michael/Desktop/orders/apps/auth/src/users/users.service.ts": {"path":"/home/michael/Desktop/orders/apps/auth/src/users/users.service.ts","statementMap":{"0":{"start":{"line":1,"column":0},"end":{"line":1,"column":null}},"1":{"start":{"line":6,"column":0},"end":{"line":6,"column":33}},"2":{"start":{"line":7,"column":0},"end":{"line":7,"column":53}},"3":{"start":{"line":12,"column":0},"end":{"line":49,"column":null}},"4":{"start":{"line":13,"column":31},"end":{"line":13,"column":48}},"5":{"start":{"line":16,"column":4},"end":{"line":16,"column":50}},"6":{"start":{"line":17,"column":17},"end":{"line":19,"column":null}},"7":{"start":{"line":21,"column":4},"end":{"line":21,"column":16}},"8":{"start":{"line":26,"column":4},"end":{"line":30,"column":20}},"9":{"start":{"line":27,"column":6},"end":{"line":29,"column":9}},"10":{"start":{"line":32,"column":4},"end":{"line":34,"column":null}},"11":{"start":{"line":33,"column":6},"end":{"line":33,"column":70}},"12":{"start":{"line":38,"column":17},"end":{"line":38,"column":62}},"13":{"start":{"line":39,"column":28},"end":{"line":39,"column":73}},"14":{"start":{"line":40,"column":4},"end":{"line":42,"column":null}},"15":{"start":{"line":41,"column":6},"end":{"line":41,"column":68}},"16":{"start":{"line":43,"column":4},"end":{"line":43,"column":16}},"17":{"start":{"line":47,"column":4},"end":{"line":47,"column":53}},"18":{"start":{"line":12,"column":13},"end":{"line":49,"column":null}},"19":{"start":{"line":12,"column":13},"end":{"line":12,"column":25}}},"fnMap":{"0":{"name":"(anonymous_2)","decl":{"start":{"line":13,"column":2},"end":{"line":13,"column":31}},"loc":{"start":{"line":13,"column":63},"end":{"line":13,"column":67}}},"1":{"name":"(anonymous_3)","decl":{"start":{"line":15,"column":2},"end":{"line":15,"column":7}},"loc":{"start":{"line":15,"column":45},"end":{"line":22,"column":3}}},"2":{"name":"(anonymous_4)","decl":{"start":{"line":24,"column":10},"end":{"line":24,"column":15}},"loc":{"start":{"line":24,"column":68},"end":{"line":35,"column":3}}},"3":{"name":"(anonymous_5)","decl":{"start":{"line":37,"column":2},"end":{"line":37,"column":7}},"loc":{"start":{"line":37,"column":52},"end":{"line":44,"column":3}}},"4":{"name":"(anonymous_6)","decl":{"start":{"line":46,"column":2},"end":{"line":46,"column":7}},"loc":{"start":{"line":46,"column":42},"end":{"line":48,"column":3}}}},"branchMap":{"0":{"loc":{"start":{"line":32,"column":4},"end":{"line":34,"column":null}},"type":"if","locations":[{"start":{"line":32,"column":4},"end":{"line":34,"column":null}}]},"1":{"loc":{"start":{"line":40,"column":4},"end":{"line":42,"column":null}},"type":"if","locations":[{"start":{"line":40,"column":4},"end":{"line":42,"column":null}}]}},"s":{"0":1,"1":1,"2":1,"3":1,"4":1,"5":0,"6":0,"7":0,"8":0,"9":0,"10":0,"11":0,"12":0,"13":0,"14":0,"15":0,"16":0,"17":0,"18":1,"19":1},"f":{"0":1,"1":0,"2":0,"3":0,"4":0},"b":{"0":[0],"1":[0]}}
,"/home/michael/Desktop/orders/apps/auth/src/users/dto/create-user.request.ts": {"path":"/home/michael/Desktop/orders/apps/auth/src/users/dto/create-user.request.ts","statementMap":{"0":{"start":{"line":1,"column":0},"end":{"line":1,"column":64}},"1":{"start":{"line":5,"column":2},"end":{"line":5,"column":null}},"2":{"start":{"line":9,"column":2},"end":{"line":9,"column":null}},"3":{"start":{"line":3,"column":0},"end":{"line":3,"column":13}}},"fnMap":{},"branchMap":{},"s":{"0":2,"1":2,"2":2,"3":2},"f":{},"b":{}}
,"/home/michael/Desktop/orders/apps/auth/src/users/schemas/user.schema.ts": {"path":"/home/michael/Desktop/orders/apps/auth/src/users/schemas/user.schema.ts","statementMap":{"0":{"start":{"line":1,"column":0},"end":{"line":1,"column":63}},"1":{"start":{"line":2,"column":0},"end":{"line":2,"column":47}},"2":{"start":{"line":5,"column":0},"end":{"line":11,"column":null}},"3":{"start":{"line":7,"column":2},"end":{"line":7,"column":null}},"4":{"start":{"line":10,"column":2},"end":{"line":10,"column":null}},"5":{"start":{"line":5,"column":13},"end":{"line":11,"column":null}},"6":{"start":{"line":5,"column":13},"end":{"line":5,"column":17}},"7":{"start":{"line":13,"column":13},"end":{"line":13,"column":61}}},"fnMap":{},"branchMap":{},"s":{"0":2,"1":2,"2":2,"3":2,"4":2,"5":2,"6":2,"7":2},"f":{},"b":{}}
,"/home/michael/Desktop/orders/apps/auth/src/users/test/stubs/users.stub.ts": {"path":"/home/michael/Desktop/orders/apps/auth/src/users/test/stubs/users.stub.ts","statementMap":{"0":{"start":{"line":3,"column":25},"end":{"line":11,"column":1}},"1":{"start":{"line":4,"column":2},"end":{"line":10,"column":4}},"2":{"start":{"line":3,"column":13},"end":{"line":3,"column":25}}},"fnMap":{"0":{"name":"(anonymous_0)","decl":{"start":{"line":3,"column":25},"end":{"line":3,"column":34}},"loc":{"start":{"line":3,"column":36},"end":{"line":11,"column":1}}}},"branchMap":{},"s":{"0":2,"1":7,"2":2},"f":{"0":7},"b":{}}
}
