{"/home/michael/Desktop/orders/apps/orders/src/orders.controller.ts": {"path":"/home/michael/Desktop/orders/apps/orders/src/orders.controller.ts","statementMap":{"0":{"start":{"line":1,"column":0},"end":{"line":1,"column":77}},"1":{"start":{"line":2,"column":0},"end":{"line":2,"column":49}},"2":{"start":{"line":3,"column":0},"end":{"line":3,"column":64}},"3":{"start":{"line":4,"column":0},"end":{"line":4,"column":43}},"4":{"start":{"line":7,"column":0},"end":{"line":24,"column":null}},"5":{"start":{"line":8,"column":31},"end":{"line":8,"column":46}},"6":{"start":{"line":13,"column":4},"end":{"line":16,"column":6}},"7":{"start":{"line":22,"column":4},"end":{"line":22,"column":42}},"8":{"start":{"line":12,"column":2},"end":{"line":17,"column":null}},"9":{"start":{"line":21,"column":2},"end":{"line":23,"column":null}},"10":{"start":{"line":7,"column":13},"end":{"line":24,"column":null}},"11":{"start":{"line":7,"column":13},"end":{"line":7,"column":29}}},"fnMap":{"0":{"name":"(anonymous_4)","decl":{"start":{"line":8,"column":2},"end":{"line":8,"column":31}},"loc":{"start":{"line":8,"column":59},"end":{"line":8,"column":63}}},"1":{"name":"(anonymous_5)","decl":{"start":{"line":12,"column":2},"end":{"line":12,"column":7}},"loc":{"start":{"line":12,"column":73},"end":{"line":17,"column":3}}},"2":{"name":"(anonymous_6)","decl":{"start":{"line":21,"column":2},"end":{"line":21,"column":7}},"loc":{"start":{"line":21,"column":17},"end":{"line":23,"column":3}}}},"branchMap":{"0":{"loc":{"start":{"line":15,"column":6},"end":{"line":15,"column":34}},"type":"cond-expr","locations":[{"start":{"line":15,"column":18},"end":{"line":15,"column":20}},{"start":{"line":15,"column":18},"end":{"line":15,"column":34}}]},"1":{"loc":{"start":{"line":15,"column":6},"end":{"line":15,"column":20}},"type":"binary-expr","locations":[{"start":{"line":15,"column":6},"end":{"line":15,"column":20}},{"start":{"line":15,"column":18},"end":{"line":15,"column":20}}]},"2":{"loc":{"start":{"line":15,"column":6},"end":{"line":15,"column":18}},"type":"cond-expr","locations":[{"start":{"line":15,"column":9},"end":{"line":15,"column":11}},{"start":{"line":15,"column":6},"end":{"line":15,"column":18}}]},"3":{"loc":{"start":{"line":15,"column":6},"end":{"line":15,"column":11}},"type":"binary-expr","locations":[{"start":{"line":15,"column":6},"end":{"line":15,"column":11}},{"start":{"line":15,"column":6},"end":{"line":15,"column":11}}]}},"s":{"0":1,"1":1,"2":1,"3":1,"4":1,"5":1,"6":2,"7":2,"8":1,"9":1,"10":1,"11":1},"f":{"0":1,"1":2,"2":2},"b":{"0":[2,0],"1":[2,2],"2":[2,0],"3":[2,2]}}
,"/home/michael/Desktop/orders/apps/orders/src/constant/services.ts": {"path":"/home/michael/Desktop/orders/apps/orders/src/constant/services.ts","statementMap":{"0":{"start":{"line":1,"column":13},"end":{"line":1,"column":41}}},"fnMap":{},"branchMap":{},"s":{"0":1},"f":{},"b":{}}
,"/home/michael/Desktop/orders/apps/orders/src/dto/create-order.request.ts": {"path":"/home/michael/Desktop/orders/apps/orders/src/dto/create-order.request.ts","statementMap":{"0":{"start":{"line":1,"column":0},"end":{"line":1,"column":null}},"1":{"start":{"line":11,"column":2},"end":{"line":11,"column":null}},"2":{"start":{"line":14,"column":2},"end":{"line":14,"column":null}},"3":{"start":{"line":17,"column":2},"end":{"line":17,"column":null}},"4":{"start":{"line":8,"column":0},"end":{"line":8,"column":13}}},"fnMap":{},"branchMap":{},"s":{"0":1,"1":1,"2":1,"3":1,"4":1},"f":{},"b":{}}
,"/home/michael/Desktop/orders/apps/orders/src/schemas/order.schema.ts": {"path":"/home/michael/Desktop/orders/apps/orders/src/schemas/order.schema.ts","statementMap":{"0":{"start":{"line":1,"column":0},"end":{"line":1,"column":63}},"1":{"start":{"line":2,"column":0},"end":{"line":2,"column":47}},"2":{"start":{"line":5,"column":0},"end":{"line":14,"column":null}},"3":{"start":{"line":7,"column":2},"end":{"line":7,"column":null}},"4":{"start":{"line":10,"column":2},"end":{"line":10,"column":null}},"5":{"start":{"line":13,"column":2},"end":{"line":13,"column":null}},"6":{"start":{"line":5,"column":13},"end":{"line":14,"column":null}},"7":{"start":{"line":5,"column":13},"end":{"line":5,"column":18}},"8":{"start":{"line":16,"column":13},"end":{"line":16,"column":63}}},"fnMap":{},"branchMap":{},"s":{"0":2,"1":2,"2":2,"3":2,"4":2,"5":2,"6":2,"7":2,"8":2},"f":{},"b":{}}
,"/home/michael/Desktop/orders/apps/orders/src/test/stubs/orders.stub.ts": {"path":"/home/michael/Desktop/orders/apps/orders/src/test/stubs/orders.stub.ts","statementMap":{"0":{"start":{"line":3,"column":26},"end":{"line":12,"column":1}},"1":{"start":{"line":4,"column":2},"end":{"line":11,"column":4}},"2":{"start":{"line":3,"column":13},"end":{"line":3,"column":26}}},"fnMap":{"0":{"name":"(anonymous_0)","decl":{"start":{"line":3,"column":26},"end":{"line":3,"column":36}},"loc":{"start":{"line":3,"column":38},"end":{"line":12,"column":1}}}},"branchMap":{},"s":{"0":2,"1":15,"2":2},"f":{"0":15},"b":{}}
}
