TN:
SF:src/orders.controller.ts
FN:8,(anonymous_4)
FN:12,(anonymous_5)
FN:21,(anonymous_6)
FNF:3
FNH:3
FNDA:1,(anonymous_4)
FNDA:2,(anonymous_5)
FNDA:2,(anonymous_6)
DA:1,1
DA:2,1
DA:3,1
DA:4,1
DA:7,1
DA:8,1
DA:12,1
DA:13,2
DA:21,1
DA:22,2
LF:10
LH:10
BRDA:15,0,0,2
BRDA:15,0,1,0
BRDA:15,1,0,2
BRDA:15,1,1,2
BRDA:15,2,0,2
BRDA:15,2,1,0
BRDA:15,3,0,2
BRDA:15,3,1,2
BRF:8
BRH:6
end_of_record
TN:
SF:src/constant/services.ts
FNF:0
FNH:0
DA:1,1
LF:1
LH:1
BRF:0
BRH:0
end_of_record
TN:
SF:src/dto/create-order.request.ts
FNF:0
FNH:0
DA:1,1
DA:8,1
DA:11,1
DA:14,1
DA:17,1
LF:5
LH:5
BRF:0
BRH:0
end_of_record
TN:
SF:src/schemas/order.schema.ts
FNF:0
FNH:0
DA:1,2
DA:2,2
DA:5,2
DA:7,2
DA:10,2
DA:13,2
DA:16,2
LF:7
LH:7
BRF:0
BRH:0
end_of_record
TN:
SF:src/test/stubs/orders.stub.ts
FN:3,(anonymous_0)
FNF:1
FNH:1
FNDA:15,(anonymous_0)
DA:3,2
DA:4,15
LF:2
LH:2
BRF:0
BRH:0
end_of_record
